[34minfo[39m: Metodo: GET en /logger/error - 17:36:55 
[31merror[39m: Esto es un error, no se encuentra la descripción del producto
[34minfo[39m: Metodo: GET en /logger/fatal - 17:37:15 
[31mfatal[39m: Esto es un error FATAL, no existe el producto que desea
[34minfo[39m: Metodo: GET en /logger/warning - 17:37:19 
[33mwarning[39m: Esto es un WARNING, no se encontro el producto deseado
[34minfo[39m: Metodo: GET en /logger/debug - 17:37:21 
[34mdebug[39m: Esto es informacion del Debug, todo funciona correctamente
[34minfo[39m: Metodo: GET en /logger/debug - 17:37:43 
[34mdebug[39m: Esto es informacion del Debug, todo funciona correctamente
[34minfo[39m: Metodo: GET en /logger/debug - 17:38:15 
[34mdebug[39m: Esto es informacion del Debug, todo funciona correctamente
[34minfo[39m: Metodo: GET en /mocking/mockingproducts - 17:38:36 
[34minfo[39m: Metodo: GET en /loggerTest/fatal - 13:59:21 
[34minfo[39m: Metodo: GET en /loggerTest/fatal - 13:59:34 
[34minfo[39m: Metodo: GET en / - 15:35:31 
[34minfo[39m: Metodo: GET en /handlebars/ - 15:36:11 
[34minfo[39m: Metodo: GET en /favicon.ico - 15:36:12 
[34minfo[39m: Metodo: GET en /handlebars - 15:36:15 
[34minfo[39m: Metodo: GET en /handlebars/login - 15:36:16 
[34minfo[39m: Metodo: GET en /handlebars/register - 15:36:18 
[34minfo[39m: Metodo: GET en /handlebars/login - 15:36:19 
[34minfo[39m: Metodo: POST en /auth/login - 15:36:25 
[34minfo[39m: Metodo: GET en /handlebars - 15:36:27 
[34minfo[39m: Metodo: GET en /handlebars/register - 15:36:30 
[34minfo[39m: Metodo: POST en /auth/register - 15:36:45 
[34minfo[39m: New user created: {
  first_name: 'Facundo',
  last_name: 'Poggi',
  email: 'F@F.com',
  age: 23,
  rol: 'Usuario',
  password: '$2b$13$gJItpbWDmE7Qc.TaspzyBePu65SZSrvJmv/o3vuO6SRG/RDZbp43y',
  idCart: new ObjectId("647f7cbdfa9dc6ee4a45cccb"),
  resetToken: { token: '', createdAt: 2023-06-06T18:36:45.660Z },
  _id: new ObjectId("647f7cbdfa9dc6ee4a45cccd"),
  __v: 0
}
[34minfo[39m: Metodo: GET en /handlebars/login - 15:36:47 
[34minfo[39m: Metodo: POST en /auth/login - 15:36:53 
[34minfo[39m: Metodo: GET en /handlebars - 15:36:55 
[34minfo[39m: Metodo: GET en /handlebars/register - 15:44:00 
[34minfo[39m: Metodo: GET en /handlebars/emailForm - 15:44:06 
[34minfo[39m: Metodo: GET en /handlebars/login - 15:44:09 
[34minfo[39m: Metodo: GET en /handlebars/ - 15:44:14 
[34minfo[39m: Metodo: OPTIONS en /socket/chat - 15:53:06 
[34minfo[39m: Metodo: OPTIONS en /socket/chat - 15:53:06 
[34minfo[39m: Metodo: OPTIONS en /api/product - 15:53:15 
[34minfo[39m: Metodo: OPTIONS en /api/product - 15:53:15 
[34minfo[39m: Metodo: OPTIONS en /api/product - 15:53:21 
[34minfo[39m: Metodo: OPTIONS en /api/product - 15:53:21 
[34minfo[39m: Metodo: GET en /api/products - 16:04:55 
[34minfo[39m: Metodo: GET en /api/products/ - 16:05:14 
[34minfo[39m: Metodo: GET en / - 16:05:37 
[34minfo[39m: Metodo: GET en /handlebars/ - 16:05:42 
[34minfo[39m: Metodo: GET en /handlebars/login - 16:05:44 
[34minfo[39m: Metodo: POST en /auth/login - 16:06:41 
[34minfo[39m: Metodo: GET en /handlebars - 16:06:43 
[34minfo[39m: Metodo: GET en /handlebars/login - 16:06:54 
[34minfo[39m: Metodo: GET en /handlebars/emailForm - 16:06:57 
[34minfo[39m: Metodo: POST en /auth/password/createlink - 16:07:06 
[34mdebug[39m: {
  resetToken: { token: '', createdAt: 2023-06-06T18:36:45.660Z },
  _id: new ObjectId("647f7cbdfa9dc6ee4a45cccd"),
  first_name: 'Facundo',
  last_name: 'Poggi',
  email: 'F@F.com',
  age: 23,
  rol: 'Premium',
  password: '$2b$13$gJItpbWDmE7Qc.TaspzyBePu65SZSrvJmv/o3vuO6SRG/RDZbp43y',
  idCart: new ObjectId("647f7cbdfa9dc6ee4a45cccb"),
  __v: 0
}
[34minfo[39m: Password reset link sent to F@F.com
[34minfo[39m: Metodo: POST en /auth/password/createlink - 16:07:17 
[34minfo[39m: Metodo: POST en /auth/password/createlink - 16:07:41 
[34mdebug[39m: {
  resetToken: { token: '', createdAt: 2023-06-06T19:07:41.043Z },
  _id: new ObjectId("64233e1b632d8d6c0239304d"),
  first_name: 'Facundo',
  last_name: 'Poggi',
  email: 'facundop23@gmail.com',
  age: 22,
  rol: 'User',
  password: '$2b$13$dR1ef8JuepqZBWawbPg01.IEcr09/hKwdEBYIRw0Z7ZUhY.AUHRWO',
  __v: 0
}
[34minfo[39m: Password reset link sent to facundop23@gmail.com
[34minfo[39m: Metodo: GET en /handlebars/restorePassword - 16:07:55 
[34minfo[39m: Metodo: POST en /auth/password/reset - 16:10:30 
[34minfo[39m: Metodo: GET en /handlebars/login - 16:10:33 
[34minfo[39m: Metodo: POST en /auth/login - 16:10:42 
[34minfo[39m: Metodo: GET en /handlebars - 16:10:44 
[34minfo[39m: Metodo: GET en /api/users - 21:01:16 
[34minfo[39m: Metodo: GET en /user - 21:02:48 
[34minfo[39m: Metodo: GET en /api/users/64233e1b632d8d6c0239304d - 21:03:21 
[34minfo[39m: Metodo: GET en /user - 21:03:52 
[34minfo[39m: Metodo: GET en /user/64233e1b632d8d6c0239304d - 21:04:12 
[34minfo[39m: Metodo: GET en /user/64233e1b632d8d6c0239304d - 21:06:03 
[34minfo[39m: Metodo: GET en /user/ - 21:07:20 
[34minfo[39m: Metodo: GET en /favicon.ico - 21:07:20 
[34minfo[39m: Metodo: GET en /user - 21:36:31 
[34minfo[39m: Metodo: GET en /user - 21:36:32 
[34minfo[39m: Metodo: GET en /user/64233e1b632d8d6c0239304d - 21:36:40 
[34minfo[39m: Metodo: GET en /user - 21:43:00 
[34minfo[39m: Metodo: GET en /user/64233e1b632d8d6c0239304d - 21:43:06 
[34minfo[39m: Metodo: GET en /user/ - 21:43:36
[34minfo[39m: Metodo: GET en /user/64233e1b632d8d6c0239304d - 21:50:53 
[34minfo[39m: Metodo: GET en /user - 21:54:44 
[34minfo[39m: Metodo: GET en /user - 21:54:46 
[34minfo[39m: Metodo: GET en /user/64233e1b632d8d6c0239304d - 21:54:54 
[34minfo[39m: Metodo: GET en /user/642388a0149c19046faa0b27 - 21:56:56 
[34minfo[39m: Metodo: GET en /user - 21:58:43 
[34minfo[39m: Metodo: GET en /user/%7Bpid%7D - 21:59:06 
[34minfo[39m: Metodo: GET en /user/64233e1b632d8d6c0239304d - 21:59:34 
[34minfo[39m: Metodo: GET en /user/64233e1b632d8d6c0239304d - 22:00:05 
[34minfo[39m: Metodo: GET en /user/64233e1b632d8d6c0239304d - 22:00:26 
[34minfo[39m: Metodo: GET en /user/64233e1b632d8d6c0239304d - 22:04:14 
[34minfo[39m: Metodo: GET en /user - 22:04:31 
[34minfo[39m: Metodo: GET en /user/64233e1b632d8d6c0239304d - 22:04:49 
[34minfo[39m: Metodo: GET en /user/64233e1b632d8d6c0239304d - 22:05:47 
[34minfo[39m: Metodo: GET en /user - 22:08:11 
[34minfo[39m: Metodo: GET en /user/64233e1b632d8d6c0239304d - 22:08:18 
[34minfo[39m: Metodo: GET en /user/64233e1b632d8d6c0239304d - 22:08:51 
[34minfo[39m: Metodo: GET en /apidocs/ - 17:07:39 
[34minfo[39m: Metodo: GET en /apidocs/swagger-ui.css - 17:07:39 
[34minfo[39m: Metodo: GET en /apidocs/swagger-ui-init.js - 17:07:39 
[34minfo[39m: Metodo: GET en /apidocs/swagger-ui-standalone-preset.js - 17:07:39 
[34minfo[39m: Metodo: GET en /apidocs/swagger-ui-bundle.js - 17:07:39 
[34minfo[39m: Metodo: GET en /api/cart/ - 17:08:24 
[31mfatal[39m: User not allowed
[34minfo[39m: Metodo: GET en /apidocs/ - 17:09:08 
[34minfo[39m: Metodo: GET en /apidocs/swagger-ui.css - 17:09:08 
[34minfo[39m: Metodo: GET en /apidocs/swagger-ui-init.js - 17:09:08 
[34minfo[39m: Metodo: GET en /apidocs/swagger-ui-standalone-preset.js - 17:09:08 
[34minfo[39m: Metodo: GET en /apidocs/swagger-ui-bundle.js - 17:09:08 
[34minfo[39m: Metodo: GET en /apidocs/favicon-32x32.png - 17:09:08 
[34minfo[39m: Metodo: GET en /api/product/ - 17:09:19 
[34minfo[39m: Metodo: GET en /user - 17:09:45 
[34minfo[39m: Metodo: GET en /api/cart/ - 17:10:11 
[31mfatal[39m: User not allowed
[34minfo[39m: Metodo: GET en /apidocs/ - 17:12:13 
[34minfo[39m: Metodo: GET en /apidocs/swagger-ui.css - 17:12:13 
[34minfo[39m: Metodo: GET en /apidocs/swagger-ui-init.js - 17:12:13 
[34minfo[39m: Metodo: GET en /apidocs/swagger-ui-bundle.js - 17:12:13 
[34minfo[39m: Metodo: GET en /apidocs/swagger-ui-standalone-preset.js - 17:12:13 
[34minfo[39m: Metodo: GET en /apidocs/favicon-32x32.png - 17:12:13 
[34minfo[39m: Metodo: GET en /api/cart/ - 17:12:16 
[31mfatal[39m: User not allowed
[34minfo[39m: Metodo: GET en /apidocs/ - 17:18:29 
[34minfo[39m: Metodo: GET en /apidocs/swagger-ui.css - 17:18:30 
[34minfo[39m: Metodo: GET en /apidocs/swagger-ui-init.js - 17:18:30 
[34minfo[39m: Metodo: GET en /apidocs/swagger-ui-standalone-preset.js - 17:18:30 
[34minfo[39m: Metodo: GET en /apidocs/swagger-ui-bundle.js - 17:18:30 
[34minfo[39m: Metodo: GET en /apidocs/favicon-32x32.png - 17:18:30 
[34minfo[39m: Metodo: GET en /api/cart/ - 17:18:33 
[31mfatal[39m: User not allowed[34minfo[39m: Metodo: OPTIONS en /socket/chat - 15:41:30 
[34minfo[39m: Metodo: OPTIONS en /socket/chat - 15:41:30 
[34minfo[39m: Metodo: GET en /socket/chat - 15:41:58 
[34minfo[39m: Metodo: GET en /socket/chat - 15:41:59 
[34minfo[39m: Metodo: POST en /socket/chat - 15:42:05 
[34minfo[39m: Metodo: GET en /api/product - 15:42:09 
[34minfo[39m: Metodo: GET en /api/product - 15:42:09 
[34minfo[39m: Metodo: GET en /socket/chat - 15:42:22 
[34minfo[39m: Metodo: GET en /socket/chat - 15:42:22 
[34minfo[39m: Metodo: GET en /api/product - 15:42:24 
[34minfo[39m: Metodo: GET en /api/product - 15:42:24 
